23:13:25 **** Build of configuration armv7le-debug for project r3d ****
make -j12 all 
qcc -Vgcc_ntoarmv7le -c -Wp,-MMD,build/armv7le-debug/src/r3d.d,-MT,build/armv7le-debug/src/r3d.o -o build/armv7le-debug/src/r3d.o  -Wall -fmessage-length=0 -g -O0 -fno-builtin  src/r3d.c
qcc -Vgcc_ntoarmv7le -o build/armv7le-debug/r3d   build/armv7le-debug/src/r3d.o  
23:20:07 **** Incremental Build of configuration armv7le-debug for project r3d ****
make -j12 all 
qcc -Vgcc_ntoarmv7le -c -Wp,-MMD,build/armv7le-debug/src/rush3d.d,-MT,build/armv7le-debug/src/rush3d.o -o build/armv7le-debug/src/rush3d.o  -Wall -fmessage-length=0 -g -O0 -fno-builtin  src/rush3d.c
qcc -Vgcc_ntoarmv7le -c -Wp,-MMD,build/armv7le-debug/src/bridge.d,-MT,build/armv7le-debug/src/bridge.o -o build/armv7le-debug/src/bridge.o  -Wall -fmessage-length=0 -g -O0 -fno-builtin  src/bridge.c
In file included from src/rush3d.c:5:0:
src/rush3d.h:13:13: error: expected ':', ',', ';', '}' or '__attribute__' before '=' token
     float r = 255.0f, g = 255.0f, b = 255.0f;
             ^
cc: /home/matt/qnx700/host/linux/x86_64/usr/lib/gcc/arm-unknown-nto-qnx7.0.0eabi/5.4.0/cc1 error 1
make: *** [build/armv7le-debug/src/rush3d.o] Error 1
Makefile:55: recipe for target 'build/armv7le-debug/src/rush3d.o' failed
make: *** Waiting for unfinished jobs....
23:20:26 **** Incremental Build of configuration armv7le-debug for project r3d ****
make -j12 all 
qcc -Vgcc_ntoarmv7le -c -Wp,-MMD,build/armv7le-debug/src/rush3d.d,-MT,build/armv7le-debug/src/rush3d.o -o build/armv7le-debug/src/rush3d.o  -Wall -fmessage-length=0 -g -O0 -fno-builtin  src/rush3d.c
qcc -Vgcc_ntoarmv7le -o build/armv7le-debug/r3d   build/armv7le-debug/src/bridge.o build/armv7le-debug/src/rush3d.o  
build/armv7le-debug/src/rush3d.o: In function `main':
/home/matt/DE10-GPU/drv/r3d//src/rush3d.c:13: undefined reference to `write_port'
Makefile:60: recipe for target 'build/armv7le-debug/r3d' failed
cc: /home/matt/qnx700/host/linux/x86_64/usr/bin/arm-unknown-nto-qnx7.0.0eabi-ld error 1
make: *** [build/armv7le-debug/r3d] Error 1
23:24:04 **** Incremental Build of configuration armv7le-debug for project r3d ****
make -j12 all 
qcc -Vgcc_ntoarmv7le -o build/armv7le-debug/r3d   build/armv7le-debug/src/bridge.o build/armv7le-debug/src/rush3d.o  
build/armv7le-debug/src/rush3d.o: In function `main':
/home/matt/DE10-GPU/drv/r3d//src/rush3d.c:13: undefined reference to `write_port'
Makefile:60: recipe for target 'build/armv7le-debug/r3d' failed
cc: /home/matt/qnx700/host/linux/x86_64/usr/bin/arm-unknown-nto-qnx7.0.0eabi-ld error 1
make: *** [build/armv7le-debug/r3d] Error 1
23:24:51 **** Incremental Build of configuration armv7le-debug for project r3d ****
make -j12 all 
qcc -Vgcc_ntoarmv7le -c -Wp,-MMD,build/armv7le-debug/src/rush3d.d,-MT,build/armv7le-debug/src/rush3d.o -o build/armv7le-debug/src/rush3d.o  -Wall -fmessage-length=0 -g -O0 -fno-builtin  src/rush3d.c
qcc -Vgcc_ntoarmv7le -o build/armv7le-debug/r3d   build/armv7le-debug/src/bridge.o build/armv7le-debug/src/rush3d.o  
23:25:30 **** Incremental Build of configuration armv7le-debug for project r3d ****
make -j12 all 
qcc -Vgcc_ntoarmv7le -c -Wp,-MMD,build/armv7le-debug/src/rush3d.d,-MT,build/armv7le-debug/src/rush3d.o -o build/armv7le-debug/src/rush3d.o  -Wall -fmessage-length=0 -g -O0 -fno-builtin  src/rush3d.c
src/rush3d.c:8:17: fatal error: stdio: No such file or directory
compilation terminated.
cc: /home/matt/qnx700/host/linux/x86_64/usr/lib/gcc/arm-unknown-nto-qnx7.0.0eabi/5.4.0/cc1 error 1
make: *** [build/armv7le-debug/src/rush3d.o] Error 1
Makefile:55: recipe for target 'build/armv7le-debug/src/rush3d.o' failed
23:25:36 **** Incremental Build of configuration armv7le-debug for project r3d ****
make -j12 all 
qcc -Vgcc_ntoarmv7le -c -Wp,-MMD,build/armv7le-debug/src/rush3d.d,-MT,build/armv7le-debug/src/rush3d.o -o build/armv7le-debug/src/rush3d.o  -Wall -fmessage-length=0 -g -O0 -fno-builtin  src/rush3d.c
src/rush3d.c: In function 'main':
src/rush3d.c:17:1: error: expected ';' before '}' token
 }
 ^
cc: /home/matt/qnx700/host/linux/x86_64/usr/lib/gcc/arm-unknown-nto-qnx7.0.0eabi/5.4.0/cc1 error 1
Makefile:55: recipe for target 'build/armv7le-debug/src/rush3d.o' failed
make: *** [build/armv7le-debug/src/rush3d.o] Error 1
23:25:45 **** Incremental Build of configuration armv7le-debug for project r3d ****
make -j12 all 
qcc -Vgcc_ntoarmv7le -c -Wp,-MMD,build/armv7le-debug/src/rush3d.d,-MT,build/armv7le-debug/src/rush3d.o -o build/armv7le-debug/src/rush3d.o  -Wall -fmessage-length=0 -g -O0 -fno-builtin  src/rush3d.c
qcc -Vgcc_ntoarmv7le -o build/armv7le-debug/r3d   build/armv7le-debug/src/bridge.o build/armv7le-debug/src/rush3d.o  
23:26:27 **** Incremental Build of configuration armv7le-debug for project r3d ****
make -j12 all 
qcc -Vgcc_ntoarmv7le -c -Wp,-MMD,build/armv7le-debug/src/rush3d.d,-MT,build/armv7le-debug/src/rush3d.o -o build/armv7le-debug/src/rush3d.o  -Wall -fmessage-length=0 -g -O0 -fno-builtin  src/rush3d.c
qcc -Vgcc_ntoarmv7le -o build/armv7le-debug/r3d   build/armv7le-debug/src/bridge.o build/armv7le-debug/src/rush3d.o  
build/armv7le-debug/src/rush3d.o: In function `main':
/home/matt/DE10-GPU/drv/r3d//src/rush3d.c:16: undefined reference to `write_port'
Makefile:60: recipe for target 'build/armv7le-debug/r3d' failed
cc: /home/matt/qnx700/host/linux/x86_64/usr/bin/arm-unknown-nto-qnx7.0.0eabi-ld error 1
make: *** [build/armv7le-debug/r3d] Error 1
23:28:56 **** Incremental Build of configuration armv7le-debug for project r3d ****
make -j12 all 
qcc -Vgcc_ntoarmv7le -c -Wp,-MMD,build/armv7le-debug/src/bridge.d,-MT,build/armv7le-debug/src/bridge.o -o build/armv7le-debug/src/bridge.o  -Wall -fmessage-length=0 -g -O0 -fno-builtin  src/bridge.c
qcc -Vgcc_ntoarmv7le -c -Wp,-MMD,build/armv7le-debug/src/rush3d.d,-MT,build/armv7le-debug/src/rush3d.o -o build/armv7le-debug/src/rush3d.o  -Wall -fmessage-length=0 -g -O0 -fno-builtin  src/rush3d.c
src/bridge.c:48:10: error: conflicting types for 'read_port'
 uint16_t read_port(uint8_t port)
          ^
In file included from src/bridge.c:5:0:
src/bridge.h:37:10: note: previous declaration of 'read_port' was here
 uint32_t read_port(uint8_t port);
          ^
cc: /home/matt/qnx700/host/linux/x86_64/usr/lib/gcc/arm-unknown-nto-qnx7.0.0eabi/5.4.0/cc1 error 1
Makefile:55: recipe for target 'build/armv7le-debug/src/bridge.o' failed
make: *** [build/armv7le-debug/src/bridge.o] Error 1
23:29:26 **** Incremental Build of configuration armv7le-debug for project r3d ****
make -j12 all 
qcc -Vgcc_ntoarmv7le -c -Wp,-MMD,build/armv7le-debug/src/bridge.d,-MT,build/armv7le-debug/src/bridge.o -o build/armv7le-debug/src/bridge.o  -Wall -fmessage-length=0 -g -O0 -fno-builtin  src/bridge.c
qcc -Vgcc_ntoarmv7le -o build/armv7le-debug/r3d   build/armv7le-debug/src/bridge.o build/armv7le-debug/src/rush3d.o  
23:29:49 **** Incremental Build of configuration armv7le-debug for project r3d ****
make -j12 all 
make: Nothing to be done for 'all'.
23:29:56 **** Incremental Build of configuration armv7le-debug for project r3d ****
make -j12 all 
qcc -Vgcc_ntoarmv7le -c -Wp,-MMD,build/armv7le-debug/src/rush3d.d,-MT,build/armv7le-debug/src/rush3d.o -o build/armv7le-debug/src/rush3d.o  -Wall -fmessage-length=0 -g -O0 -fno-builtin  src/rush3d.c
qcc -Vgcc_ntoarmv7le -o build/armv7le-debug/r3d   build/armv7le-debug/src/bridge.o build/armv7le-debug/src/rush3d.o  
23:30:12 **** Incremental Build of configuration armv7le-debug for project r3d ****
make -j12 all 
qcc -Vgcc_ntoarmv7le -c -Wp,-MMD,build/armv7le-debug/src/rush3d.d,-MT,build/armv7le-debug/src/rush3d.o -o build/armv7le-debug/src/rush3d.o  -Wall -fmessage-length=0 -g -O0 -fno-builtin  src/rush3d.c
qcc -Vgcc_ntoarmv7le -o build/armv7le-debug/r3d   build/armv7le-debug/src/bridge.o build/armv7le-debug/src/rush3d.o  
23:30:55 **** Incremental Build of configuration armv7le-debug for project r3d ****
make -j12 all 
qcc -Vgcc_ntoarmv7le -c -Wp,-MMD,build/armv7le-debug/src/rush3d.d,-MT,build/armv7le-debug/src/rush3d.o -o build/armv7le-debug/src/rush3d.o  -Wall -fmessage-length=0 -g -O0 -fno-builtin  src/rush3d.c
qcc -Vgcc_ntoarmv7le -o build/armv7le-debug/r3d   build/armv7le-debug/src/bridge.o build/armv7le-debug/src/rush3d.o  
23:32:30 **** Incremental Build of configuration armv7le-debug for project r3d ****
make -j12 all 
qcc -Vgcc_ntoarmv7le -c -Wp,-MMD,build/armv7le-debug/src/rush3d.d,-MT,build/armv7le-debug/src/rush3d.o -o build/armv7le-debug/src/rush3d.o  -Wall -fmessage-length=0 -g -O0 -fno-builtin  src/rush3d.c
qcc -Vgcc_ntoarmv7le -o build/armv7le-debug/r3d   build/armv7le-debug/src/bridge.o build/armv7le-debug/src/rush3d.o  
23:33:30 **** Incremental Build of configuration armv7le-debug for project r3d ****
make -j12 all 
qcc -Vgcc_ntoarmv7le -c -Wp,-MMD,build/armv7le-debug/src/bridge.d,-MT,build/armv7le-debug/src/bridge.o -o build/armv7le-debug/src/bridge.o  -Wall -fmessage-length=0 -g -O0 -fno-builtin  src/bridge.c
qcc -Vgcc_ntoarmv7le -c -Wp,-MMD,build/armv7le-debug/src/rush3d.d,-MT,build/armv7le-debug/src/rush3d.o -o build/armv7le-debug/src/rush3d.o  -Wall -fmessage-length=0 -g -O0 -fno-builtin  src/rush3d.c
qcc -Vgcc_ntoarmv7le -o build/armv7le-debug/r3d   build/armv7le-debug/src/bridge.o build/armv7le-debug/src/rush3d.o  
23:33:43 **** Incremental Build of configuration armv7le-debug for project r3d ****
make -j12 all 
qcc -Vgcc_ntoarmv7le -c -Wp,-MMD,build/armv7le-debug/src/rush3d.d,-MT,build/armv7le-debug/src/rush3d.o -o build/armv7le-debug/src/rush3d.o  -Wall -fmessage-length=0 -g -O0 -fno-builtin  src/rush3d.c
qcc -Vgcc_ntoarmv7le -o build/armv7le-debug/r3d   build/armv7le-debug/src/bridge.o build/armv7le-debug/src/rush3d.o  
23:34:09 **** Incremental Build of configuration armv7le-debug for project r3d ****
make -j12 all 
qcc -Vgcc_ntoarmv7le -c -Wp,-MMD,build/armv7le-debug/src/rush3d.d,-MT,build/armv7le-debug/src/rush3d.o -o build/armv7le-debug/src/rush3d.o  -Wall -fmessage-length=0 -g -O0 -fno-builtin  src/rush3d.c
qcc -Vgcc_ntoarmv7le -o build/armv7le-debug/r3d   build/armv7le-debug/src/bridge.o build/armv7le-debug/src/rush3d.o  
23:35:00 **** Incremental Build of configuration armv7le-debug for project r3d ****
make -j12 all 
qcc -Vgcc_ntoarmv7le -c -Wp,-MMD,build/armv7le-debug/src/rush3d.d,-MT,build/armv7le-debug/src/rush3d.o -o build/armv7le-debug/src/rush3d.o  -Wall -fmessage-length=0 -g -O0 -fno-builtin  src/rush3d.c
qcc -Vgcc_ntoarmv7le -o build/armv7le-debug/r3d   build/armv7le-debug/src/bridge.o build/armv7le-debug/src/rush3d.o  
23:35:13 **** Incremental Build of configuration armv7le-debug for project r3d ****
make -j12 all 
make: Nothing to be done for 'all'.
23:35:19 **** Incremental Build of configuration armv7le-debug for project r3d ****
make -j12 all 
make: Nothing to be done for 'all'.
23:35:26 **** Incremental Build of configuration armv7le-debug for project r3d ****
make -j12 all 
make: Nothing to be done for 'all'.
23:35:30 **** Incremental Build of configuration armv7le-debug for project r3d ****
make -j12 all 
make: Nothing to be done for 'all'.
23:35:33 **** Incremental Build of configuration armv7le-debug for project r3d ****
make -j12 all 
make: Nothing to be done for 'all'.
23:35:49 **** Incremental Build of configuration armv7le-debug for project r3d ****
make -j12 all 
qcc -Vgcc_ntoarmv7le -c -Wp,-MMD,build/armv7le-debug/src/rush3d.d,-MT,build/armv7le-debug/src/rush3d.o -o build/armv7le-debug/src/rush3d.o  -Wall -fmessage-length=0 -g -O0 -fno-builtin  src/rush3d.c
qcc -Vgcc_ntoarmv7le -o build/armv7le-debug/r3d   build/armv7le-debug/src/bridge.o build/armv7le-debug/src/rush3d.o  
23:35:53 **** Incremental Build of configuration armv7le-debug for project r3d ****
make -j12 all 
make: Nothing to be done for 'all'.
23:35:56 **** Incremental Build of configuration armv7le-debug for project r3d ****
make -j12 all 
make: Nothing to be done for 'all'.
23:36:11 **** Incremental Build of configuration armv7le-debug for project r3d ****
make -j12 all 
qcc -Vgcc_ntoarmv7le -c -Wp,-MMD,build/armv7le-debug/src/rush3d.d,-MT,build/armv7le-debug/src/rush3d.o -o build/armv7le-debug/src/rush3d.o  -Wall -fmessage-length=0 -g -O0 -fno-builtin  src/rush3d.c
qcc -Vgcc_ntoarmv7le -o build/armv7le-debug/r3d   build/armv7le-debug/src/bridge.o build/armv7le-debug/src/rush3d.o  
23:37:59 **** Incremental Build of configuration armv7le-debug for project r3d ****
make -j12 all 
qcc -Vgcc_ntoarmv7le -c -Wp,-MMD,build/armv7le-debug/src/rush3d.d,-MT,build/armv7le-debug/src/rush3d.o -o build/armv7le-debug/src/rush3d.o  -Wall -fmessage-length=0 -g -O0 -fno-builtin  src/rush3d.c
qcc -Vgcc_ntoarmv7le -o build/armv7le-debug/r3d   build/armv7le-debug/src/bridge.o build/armv7le-debug/src/rush3d.o  
23:38:03 **** Incremental Build of configuration armv7le-debug for project r3d ****
make -j12 all 
make: Nothing to be done for 'all'.
23:38:09 **** Incremental Build of configuration armv7le-debug for project r3d ****
make -j12 all 
make: Nothing to be done for 'all'.
23:38:12 **** Incremental Build of configuration armv7le-debug for project r3d ****
make -j12 all 
make: Nothing to be done for 'all'.
23:38:25 **** Incremental Build of configuration armv7le-debug for project r3d ****
make -j12 all 
qcc -Vgcc_ntoarmv7le -c -Wp,-MMD,build/armv7le-debug/src/rush3d.d,-MT,build/armv7le-debug/src/rush3d.o -o build/armv7le-debug/src/rush3d.o  -Wall -fmessage-length=0 -g -O0 -fno-builtin  src/rush3d.c
qcc -Vgcc_ntoarmv7le -o build/armv7le-debug/r3d   build/armv7le-debug/src/bridge.o build/armv7le-debug/src/rush3d.o  
23:38:33 **** Incremental Build of configuration armv7le-debug for project r3d ****
make -j12 all 
make: Nothing to be done for 'all'.
23:39:04 **** Incremental Build of configuration armv7le-debug for project r3d ****
make -j12 all 
qcc -Vgcc_ntoarmv7le -c -Wp,-MMD,build/armv7le-debug/src/rush3d.d,-MT,build/armv7le-debug/src/rush3d.o -o build/armv7le-debug/src/rush3d.o  -Wall -fmessage-length=0 -g -O0 -fno-builtin  src/rush3d.c
qcc -Vgcc_ntoarmv7le -o build/armv7le-debug/r3d   build/armv7le-debug/src/bridge.o build/armv7le-debug/src/rush3d.o  
23:39:17 **** Incremental Build of configuration armv7le-debug for project r3d ****
make -j12 all 
qcc -Vgcc_ntoarmv7le -c -Wp,-MMD,build/armv7le-debug/src/rush3d.d,-MT,build/armv7le-debug/src/rush3d.o -o build/armv7le-debug/src/rush3d.o  -Wall -fmessage-length=0 -g -O0 -fno-builtin  src/rush3d.c
qcc -Vgcc_ntoarmv7le -o build/armv7le-debug/r3d   build/armv7le-debug/src/bridge.o build/armv7le-debug/src/rush3d.o  
23:40:08 **** Incremental Build of configuration armv7le-debug for project r3d ****
make -j12 all 
make: Nothing to be done for 'all'.
23:40:15 **** Incremental Build of configuration armv7le-debug for project r3d ****
make -j12 all 
qcc -Vgcc_ntoarmv7le -c -Wp,-MMD,build/armv7le-debug/src/rush3d.d,-MT,build/armv7le-debug/src/rush3d.o -o build/armv7le-debug/src/rush3d.o  -Wall -fmessage-length=0 -g -O0 -fno-builtin  src/rush3d.c
qcc -Vgcc_ntoarmv7le -o build/armv7le-debug/r3d   build/armv7le-debug/src/bridge.o build/armv7le-debug/src/rush3d.o  
23:40:33 **** Incremental Build of configuration armv7le-debug for project r3d ****
make -j12 all 
qcc -Vgcc_ntoarmv7le -c -Wp,-MMD,build/armv7le-debug/src/rush3d.d,-MT,build/armv7le-debug/src/rush3d.o -o build/armv7le-debug/src/rush3d.o  -Wall -fmessage-length=0 -g -O0 -fno-builtin  src/rush3d.c
src/rush3d.c: In function 'main':
src/rush3d.c:18:54: error: expected ')' before ';' token
     write_port(CONTROL_STATUS_L, (uint32_t)0xDEADBEEF;
                                                      ^
src/rush3d.c:21:1: error: expected ';' before '}' token
 }
 ^
cc: /home/matt/qnx700/host/linux/x86_64/usr/lib/gcc/arm-unknown-nto-qnx7.0.0eabi/5.4.0/cc1 error 1
Makefile:55: recipe for target 'build/armv7le-debug/src/rush3d.o' failed
make: *** [build/armv7le-debug/src/rush3d.o] Error 1
23:40:44 **** Incremental Build of configuration armv7le-debug for project r3d ****
make -j12 all 
qcc -Vgcc_ntoarmv7le -c -Wp,-MMD,build/armv7le-debug/src/rush3d.d,-MT,build/armv7le-debug/src/rush3d.o -o build/armv7le-debug/src/rush3d.o  -Wall -fmessage-length=0 -g -O0 -fno-builtin  src/rush3d.c
qcc -Vgcc_ntoarmv7le -o build/armv7le-debug/r3d   build/armv7le-debug/src/bridge.o build/armv7le-debug/src/rush3d.o  
23:49:38 **** Incremental Build of configuration armv7le-debug for project r3d ****
make -j12 all 
make: Nothing to be done for 'all'.
23:49:49 **** Incremental Build of configuration armv7le-debug for project r3d ****
make -j12 all 
qcc -Vgcc_ntoarmv7le -c -Wp,-MMD,build/armv7le-debug/src/rush3d.d,-MT,build/armv7le-debug/src/rush3d.o -o build/armv7le-debug/src/rush3d.o  -Wall -fmessage-length=0 -g -O0 -fno-builtin  src/rush3d.c
qcc -Vgcc_ntoarmv7le -o build/armv7le-debug/r3d   build/armv7le-debug/src/bridge.o build/armv7le-debug/src/rush3d.o  
00:01:54 **** Incremental Build of configuration armv7le-debug for project r3d ****
make -j12 all 
qcc -Vgcc_ntoarmv7le -c -Wp,-MMD,build/armv7le-debug/src/rush3d.d,-MT,build/armv7le-debug/src/rush3d.o -o build/armv7le-debug/src/rush3d.o  -Wall -fmessage-length=0 -g -O0 -fno-builtin  src/rush3d.c
qcc -Vgcc_ntoarmv7le -o build/armv7le-debug/r3d   build/armv7le-debug/src/bridge.o build/armv7le-debug/src/rush3d.o  
00:02:14 **** Incremental Build of configuration armv7le-debug for project r3d ****
make -j12 all 
qcc -Vgcc_ntoarmv7le -c -Wp,-MMD,build/armv7le-debug/src/rush3d.d,-MT,build/armv7le-debug/src/rush3d.o -o build/armv7le-debug/src/rush3d.o  -Wall -fmessage-length=0 -g -O0 -fno-builtin  src/rush3d.c
qcc -Vgcc_ntoarmv7le -o build/armv7le-debug/r3d   build/armv7le-debug/src/bridge.o build/armv7le-debug/src/rush3d.o  
00:17:22 **** Incremental Build of configuration armv7le-debug for project r3d ****
make -j12 all 
make: Nothing to be done for 'all'.
00:17:45 **** Incremental Build of configuration armv7le-debug for project r3d ****
make -j12 all 
qcc -Vgcc_ntoarmv7le -c -Wp,-MMD,build/armv7le-debug/src/rush3d.d,-MT,build/armv7le-debug/src/rush3d.o -o build/armv7le-debug/src/rush3d.o  -Wall -fmessage-length=0 -g -O0 -fno-builtin  src/rush3d.c
qcc -Vgcc_ntoarmv7le -o build/armv7le-debug/r3d   build/armv7le-debug/src/bridge.o build/armv7le-debug/src/rush3d.o  
00:18:04 **** Incremental Build of configuration armv7le-debug for project r3d ****
make -j12 all 
qcc -Vgcc_ntoarmv7le -c -Wp,-MMD,build/armv7le-debug/src/rush3d.d,-MT,build/armv7le-debug/src/rush3d.o -o build/armv7le-debug/src/rush3d.o  -Wall -fmessage-length=0 -g -O0 -fno-builtin  src/rush3d.c
qcc -Vgcc_ntoarmv7le -o build/armv7le-debug/r3d   build/armv7le-debug/src/bridge.o build/armv7le-debug/src/rush3d.o  
00:37:02 **** Incremental Build of configuration armv7le-debug for project r3d ****
make -j12 all 
make: Nothing to be done for 'all'.
00:38:21 **** Incremental Build of configuration armv7le-debug for project r3d ****
make -j12 all 
qcc -Vgcc_ntoarmv7le -c -Wp,-MMD,build/armv7le-debug/src/bridge.d,-MT,build/armv7le-debug/src/bridge.o -o build/armv7le-debug/src/bridge.o  -Wall -fmessage-length=0 -g -O0 -fno-builtin  src/bridge.c
qcc -Vgcc_ntoarmv7le -o build/armv7le-debug/r3d   build/armv7le-debug/src/bridge.o build/armv7le-debug/src/rush3d.o  
00:39:54 **** Incremental Build of configuration armv7le-debug for project r3d ****
make -j12 all 
qcc -Vgcc_ntoarmv7le -c -Wp,-MMD,build/armv7le-debug/src/rush3d.d,-MT,build/armv7le-debug/src/rush3d.o -o build/armv7le-debug/src/rush3d.o  -Wall -fmessage-length=0 -g -O0 -fno-builtin  src/rush3d.c
src/rush3d.c: In function 'main':
src/rush3d.c:23:5: warning: implicit declaration of function 'dump_ram' [-Wimplicit-function-declaration]
     dump_ram()
     ^
src/rush3d.c:24:1: error: expected ';' before '}' token
 }
 ^
cc: /home/matt/qnx700/host/linux/x86_64/usr/lib/gcc/arm-unknown-nto-qnx7.0.0eabi/5.4.0/cc1 error 1
Makefile:55: recipe for target 'build/armv7le-debug/src/rush3d.o' failed
make: *** [build/armv7le-debug/src/rush3d.o] Error 1
00:39:59 **** Incremental Build of configuration armv7le-debug for project r3d ****
make -j12 all 
qcc -Vgcc_ntoarmv7le -c -Wp,-MMD,build/armv7le-debug/src/rush3d.d,-MT,build/armv7le-debug/src/rush3d.o -o build/armv7le-debug/src/rush3d.o  -Wall -fmessage-length=0 -g -O0 -fno-builtin  src/rush3d.c
src/rush3d.c: In function 'main':
src/rush3d.c:23:5: warning: implicit declaration of function 'dump_ram' [-Wimplicit-function-declaration]
     dump_ram();
     ^
qcc -Vgcc_ntoarmv7le -o build/armv7le-debug/r3d   build/armv7le-debug/src/bridge.o build/armv7le-debug/src/rush3d.o  
00:40:34 **** Incremental Build of configuration armv7le-debug for project r3d ****
make -j12 all 
qcc -Vgcc_ntoarmv7le -c -Wp,-MMD,build/armv7le-debug/src/rush3d.d,-MT,build/armv7le-debug/src/rush3d.o -o build/armv7le-debug/src/rush3d.o  -Wall -fmessage-length=0 -g -O0 -fno-builtin  src/rush3d.c
qcc -Vgcc_ntoarmv7le -o build/armv7le-debug/r3d   build/armv7le-debug/src/bridge.o build/armv7le-debug/src/rush3d.o  
00:40:38 **** Incremental Build of configuration armv7le-debug for project r3d ****
make -j12 all 
qcc -Vgcc_ntoarmv7le -c -Wp,-MMD,build/armv7le-debug/src/rush3d.d,-MT,build/armv7le-debug/src/rush3d.o -o build/armv7le-debug/src/rush3d.o  -Wall -fmessage-length=0 -g -O0 -fno-builtin  src/rush3d.c
qcc -Vgcc_ntoarmv7le -o build/armv7le-debug/r3d   build/armv7le-debug/src/bridge.o build/armv7le-debug/src/rush3d.o  
00:40:41 **** Incremental Build of configuration armv7le-debug for project r3d ****
make -j12 all 
qcc -Vgcc_ntoarmv7le -c -Wp,-MMD,build/armv7le-debug/src/rush3d.d,-MT,build/armv7le-debug/src/rush3d.o -o build/armv7le-debug/src/rush3d.o  -Wall -fmessage-length=0 -g -O0 -fno-builtin  src/rush3d.c
qcc -Vgcc_ntoarmv7le -o build/armv7le-debug/r3d   build/armv7le-debug/src/bridge.o build/armv7le-debug/src/rush3d.o  
00:41:03 **** Incremental Build of configuration armv7le-debug for project r3d ****
make -j12 all 
qcc -Vgcc_ntoarmv7le -c -Wp,-MMD,build/armv7le-debug/src/rush3d.d,-MT,build/armv7le-debug/src/rush3d.o -o build/armv7le-debug/src/rush3d.o  -Wall -fmessage-length=0 -g -O0 -fno-builtin  src/rush3d.c
qcc -Vgcc_ntoarmv7le -o build/armv7le-debug/r3d   build/armv7le-debug/src/bridge.o build/armv7le-debug/src/rush3d.o  
00:41:34 **** Incremental Build of configuration armv7le-debug for project r3d ****
make -j12 all 
qcc -Vgcc_ntoarmv7le -c -Wp,-MMD,build/armv7le-debug/src/rush3d.d,-MT,build/armv7le-debug/src/rush3d.o -o build/armv7le-debug/src/rush3d.o  -Wall -fmessage-length=0 -g -O0 -fno-builtin  src/rush3d.c
qcc -Vgcc_ntoarmv7le -o build/armv7le-debug/r3d   build/armv7le-debug/src/bridge.o build/armv7le-debug/src/rush3d.o  
00:41:38 **** Incremental Build of configuration armv7le-debug for project r3d ****
make -j12 all 
qcc -Vgcc_ntoarmv7le -c -Wp,-MMD,build/armv7le-debug/src/rush3d.d,-MT,build/armv7le-debug/src/rush3d.o -o build/armv7le-debug/src/rush3d.o  -Wall -fmessage-length=0 -g -O0 -fno-builtin  src/rush3d.c
qcc -Vgcc_ntoarmv7le -o build/armv7le-debug/r3d   build/armv7le-debug/src/bridge.o build/armv7le-debug/src/rush3d.o  
00:41:44 **** Incremental Build of configuration armv7le-debug for project r3d ****
make -j12 all 
qcc -Vgcc_ntoarmv7le -c -Wp,-MMD,build/armv7le-debug/src/rush3d.d,-MT,build/armv7le-debug/src/rush3d.o -o build/armv7le-debug/src/rush3d.o  -Wall -fmessage-length=0 -g -O0 -fno-builtin  src/rush3d.c
src/rush3d.c: In function 'main':
src/rush3d.c:23:5: warning: implicit declaration of function 'dump_ram' [-Wimplicit-function-declaration]
     dump_ram();
     ^
qcc -Vgcc_ntoarmv7le -o build/armv7le-debug/r3d   build/armv7le-debug/src/bridge.o build/armv7le-debug/src/rush3d.o  
00:42:31 **** Incremental Build of configuration armv7le-debug for project r3d ****
make -j12 all 
qcc -Vgcc_ntoarmv7le -c -Wp,-MMD,build/armv7le-debug/src/bridge.d,-MT,build/armv7le-debug/src/bridge.o -o build/armv7le-debug/src/bridge.o  -Wall -fmessage-length=0 -g -O0 -fno-builtin  src/bridge.c
qcc -Vgcc_ntoarmv7le -o build/armv7le-debug/r3d   build/armv7le-debug/src/bridge.o build/armv7le-debug/src/rush3d.o  
00:42:51 **** Incremental Build of configuration armv7le-debug for project r3d ****
make -j12 all 
qcc -Vgcc_ntoarmv7le -c -Wp,-MMD,build/armv7le-debug/src/rush3d.d,-MT,build/armv7le-debug/src/rush3d.o -o build/armv7le-debug/src/rush3d.o  -Wall -fmessage-length=0 -g -O0 -fno-builtin  src/rush3d.c
src/rush3d.c: In function 'main':
src/rush3d.c:23:5: warning: implicit declaration of function 'dump_ram' [-Wimplicit-function-declaration]
     dump_ram();
     ^
qcc -Vgcc_ntoarmv7le -o build/armv7le-debug/r3d   build/armv7le-debug/src/bridge.o build/armv7le-debug/src/rush3d.o  
00:44:15 **** Incremental Build of configuration armv7le-debug for project r3d ****
make -j12 all 
qcc -Vgcc_ntoarmv7le -c -Wp,-MMD,build/armv7le-debug/src/rush3d.d,-MT,build/armv7le-debug/src/rush3d.o -o build/armv7le-debug/src/rush3d.o  -Wall -fmessage-length=0 -g -O0 -fno-builtin  src/rush3d.c
qcc -Vgcc_ntoarmv7le -o build/armv7le-debug/r3d   build/armv7le-debug/src/bridge.o build/armv7le-debug/src/rush3d.o  
00:44:57 **** Incremental Build of configuration armv7le-debug for project r3d ****
make -j12 all 
qcc -Vgcc_ntoarmv7le -c -Wp,-MMD,build/armv7le-debug/src/rush3d.d,-MT,build/armv7le-debug/src/rush3d.o -o build/armv7le-debug/src/rush3d.o  -Wall -fmessage-length=0 -g -O0 -fno-builtin  src/rush3d.c
qcc -Vgcc_ntoarmv7le -o build/armv7le-debug/r3d   build/armv7le-debug/src/bridge.o build/armv7le-debug/src/rush3d.o  
00:45:08 **** Incremental Build of configuration armv7le-debug for project r3d ****
make -j12 all 
qcc -Vgcc_ntoarmv7le -c -Wp,-MMD,build/armv7le-debug/src/rush3d.d,-MT,build/armv7le-debug/src/rush3d.o -o build/armv7le-debug/src/rush3d.o  -Wall -fmessage-length=0 -g -O0 -fno-builtin  src/rush3d.c
qcc -Vgcc_ntoarmv7le -o build/armv7le-debug/r3d   build/armv7le-debug/src/bridge.o build/armv7le-debug/src/rush3d.o  
00:46:03 **** Incremental Build of configuration armv7le-debug for project r3d ****
make -j12 all 
qcc -Vgcc_ntoarmv7le -c -Wp,-MMD,build/armv7le-debug/src/rush3d.d,-MT,build/armv7le-debug/src/rush3d.o -o build/armv7le-debug/src/rush3d.o  -Wall -fmessage-length=0 -g -O0 -fno-builtin  src/rush3d.c
qcc -Vgcc_ntoarmv7le -o build/armv7le-debug/r3d   build/armv7le-debug/src/bridge.o build/armv7le-debug/src/rush3d.o  
00:46:08 **** Incremental Build of configuration armv7le-debug for project r3d ****
make -j12 all 
qcc -Vgcc_ntoarmv7le -c -Wp,-MMD,build/armv7le-debug/src/rush3d.d,-MT,build/armv7le-debug/src/rush3d.o -o build/armv7le-debug/src/rush3d.o  -Wall -fmessage-length=0 -g -O0 -fno-builtin  src/rush3d.c
qcc -Vgcc_ntoarmv7le -o build/armv7le-debug/r3d   build/armv7le-debug/src/bridge.o build/armv7le-debug/src/rush3d.o  
00:48:17 **** Incremental Build of configuration armv7le-debug for project r3d ****
make -j12 all 
qcc -Vgcc_ntoarmv7le -c -Wp,-MMD,build/armv7le-debug/src/rush3d.d,-MT,build/armv7le-debug/src/rush3d.o -o build/armv7le-debug/src/rush3d.o  -Wall -fmessage-length=0 -g -O0 -fno-builtin  src/rush3d.c
qcc -Vgcc_ntoarmv7le -c -Wp,-MMD,build/armv7le-debug/src/bridge.d,-MT,build/armv7le-debug/src/bridge.o -o build/armv7le-debug/src/bridge.o  -Wall -fmessage-length=0 -g -O0 -fno-builtin  src/bridge.c
src/rush3d.c: In function 'main':
src/rush3d.c:29:5: warning: implicit declaration of function 'dump_ram' [-Wimplicit-function-declaration]
     dump_ram();
     ^
qcc -Vgcc_ntoarmv7le -o build/armv7le-debug/r3d   build/armv7le-debug/src/bridge.o build/armv7le-debug/src/rush3d.o  
00:48:44 **** Incremental Build of configuration armv7le-debug for project r3d ****
make -j12 all 
qcc -Vgcc_ntoarmv7le -c -Wp,-MMD,build/armv7le-debug/src/rush3d.d,-MT,build/armv7le-debug/src/rush3d.o -o build/armv7le-debug/src/rush3d.o  -Wall -fmessage-length=0 -g -O0 -fno-builtin  src/rush3d.c
qcc -Vgcc_ntoarmv7le -o build/armv7le-debug/r3d   build/armv7le-debug/src/bridge.o build/armv7le-debug/src/rush3d.o  
00:57:06 **** Incremental Build of configuration armv7le-debug for project r3d ****
make -j12 all 
qcc -Vgcc_ntoarmv7le -c -Wp,-MMD,build/armv7le-debug/src/bridge.d,-MT,build/armv7le-debug/src/bridge.o -o build/armv7le-debug/src/bridge.o  -Wall -fmessage-length=0 -g -O0 -fno-builtin  src/bridge.c
qcc -Vgcc_ntoarmv7le -o build/armv7le-debug/r3d   build/armv7le-debug/src/bridge.o build/armv7le-debug/src/rush3d.o  
00:57:22 **** Incremental Build of configuration armv7le-debug for project r3d ****
make -j12 all 
qcc -Vgcc_ntoarmv7le -c -Wp,-MMD,build/armv7le-debug/src/rush3d.d,-MT,build/armv7le-debug/src/rush3d.o -o build/armv7le-debug/src/rush3d.o  -Wall -fmessage-length=0 -g -O0 -fno-builtin  src/rush3d.c
qcc -Vgcc_ntoarmv7le -o build/armv7le-debug/r3d   build/armv7le-debug/src/bridge.o build/armv7le-debug/src/rush3d.o  
00:58:02 **** Incremental Build of configuration armv7le-debug for project r3d ****
make -j12 all 
qcc -Vgcc_ntoarmv7le -c -Wp,-MMD,build/armv7le-debug/src/rush3d.d,-MT,build/armv7le-debug/src/rush3d.o -o build/armv7le-debug/src/rush3d.o  -Wall -fmessage-length=0 -g -O0 -fno-builtin  src/rush3d.c
qcc -Vgcc_ntoarmv7le -o build/armv7le-debug/r3d   build/armv7le-debug/src/bridge.o build/armv7le-debug/src/rush3d.o  
00:58:06 **** Incremental Build of configuration armv7le-debug for project r3d ****
make -j12 all 
qcc -Vgcc_ntoarmv7le -c -Wp,-MMD,build/armv7le-debug/src/rush3d.d,-MT,build/armv7le-debug/src/rush3d.o -o build/armv7le-debug/src/rush3d.o  -Wall -fmessage-length=0 -g -O0 -fno-builtin  src/rush3d.c
qcc -Vgcc_ntoarmv7le -o build/armv7le-debug/r3d   build/armv7le-debug/src/bridge.o build/armv7le-debug/src/rush3d.o  
01:00:00 **** Incremental Build of configuration armv7le-debug for project r3d ****
make -j12 all 
qcc -Vgcc_ntoarmv7le -c -Wp,-MMD,build/armv7le-debug/src/rush3d.d,-MT,build/armv7le-debug/src/rush3d.o -o build/armv7le-debug/src/rush3d.o  -Wall -fmessage-length=0 -g -O0 -fno-builtin  src/rush3d.c
src/rush3d.c: In function 'main':
src/rush3d.c:20:5: warning: implicit declaration of function 'sleep' [-Wimplicit-function-declaration]
     sleep(1)
     ^
src/rush3d.c:21:5: error: expected ';' before 'printf'
     printf("\n0x%x ", (uint32_t)read_port(8));
     ^
cc: /home/matt/qnx700/host/linux/x86_64/usr/lib/gcc/arm-unknown-nto-qnx7.0.0eabi/5.4.0/cc1 error 1
make: *** [build/armv7le-debug/src/rush3d.o] Error 1
Makefile:55: recipe for target 'build/armv7le-debug/src/rush3d.o' failed
01:00:05 **** Incremental Build of configuration armv7le-debug for project r3d ****
make -j12 all 
qcc -Vgcc_ntoarmv7le -c -Wp,-MMD,build/armv7le-debug/src/rush3d.d,-MT,build/armv7le-debug/src/rush3d.o -o build/armv7le-debug/src/rush3d.o  -Wall -fmessage-length=0 -g -O0 -fno-builtin  src/rush3d.c
src/rush3d.c: In function 'main':
src/rush3d.c:20:5: warning: implicit declaration of function 'sleep' [-Wimplicit-function-declaration]
     sleep(1);
     ^
qcc -Vgcc_ntoarmv7le -o build/armv7le-debug/r3d   build/armv7le-debug/src/bridge.o build/armv7le-debug/src/rush3d.o  
01:00:12 **** Incremental Build of configuration armv7le-debug for project r3d ****
make -j12 all 
qcc -Vgcc_ntoarmv7le -c -Wp,-MMD,build/armv7le-debug/src/rush3d.d,-MT,build/armv7le-debug/src/rush3d.o -o build/armv7le-debug/src/rush3d.o  -Wall -fmessage-length=0 -g -O0 -fno-builtin  src/rush3d.c
qcc -Vgcc_ntoarmv7le -o build/armv7le-debug/r3d   build/armv7le-debug/src/bridge.o build/armv7le-debug/src/rush3d.o  
01:00:24 **** Incremental Build of configuration armv7le-debug for project r3d ****
make -j12 all 
qcc -Vgcc_ntoarmv7le -c -Wp,-MMD,build/armv7le-debug/src/rush3d.d,-MT,build/armv7le-debug/src/rush3d.o -o build/armv7le-debug/src/rush3d.o  -Wall -fmessage-length=0 -g -O0 -fno-builtin  src/rush3d.c
src/rush3d.c: In function 'main':
src/rush3d.c:20:5: warning: implicit declaration of function 'sleep' [-Wimplicit-function-declaration]
     sleep(1);
     ^
qcc -Vgcc_ntoarmv7le -o build/armv7le-debug/r3d   build/armv7le-debug/src/bridge.o build/armv7le-debug/src/rush3d.o  
01:00:35 **** Incremental Build of configuration armv7le-debug for project r3d ****
make -j12 all 
qcc -Vgcc_ntoarmv7le -c -Wp,-MMD,build/armv7le-debug/src/rush3d.d,-MT,build/armv7le-debug/src/rush3d.o -o build/armv7le-debug/src/rush3d.o  -Wall -fmessage-length=0 -g -O0 -fno-builtin  src/rush3d.c
src/rush3d.c: In function 'main':
src/rush3d.c:20:5: warning: implicit declaration of function 'sleep' [-Wimplicit-function-declaration]
     sleep(1);
     ^
src/rush3d.c:30:5: warning: implicit declaration of function 'dump_ram' [-Wimplicit-function-declaration]
     dump_ram();
     ^
qcc -Vgcc_ntoarmv7le -o build/armv7le-debug/r3d   build/armv7le-debug/src/bridge.o build/armv7le-debug/src/rush3d.o  
01:00:51 **** Incremental Build of configuration armv7le-debug for project r3d ****
make -j12 all 
qcc -Vgcc_ntoarmv7le -c -Wp,-MMD,build/armv7le-debug/src/rush3d.d,-MT,build/armv7le-debug/src/rush3d.o -o build/armv7le-debug/src/rush3d.o  -Wall -fmessage-length=0 -g -O0 -fno-builtin  src/rush3d.c
src/rush3d.c: In function 'main':
src/rush3d.c:20:5: warning: implicit declaration of function 'sleep' [-Wimplicit-function-declaration]
     sleep(1);
     ^
src/rush3d.c:30:5: warning: implicit declaration of function 'dump_ram' [-Wimplicit-function-declaration]
     dump_ram();
     ^
qcc -Vgcc_ntoarmv7le -o build/armv7le-debug/r3d   build/armv7le-debug/src/bridge.o build/armv7le-debug/src/rush3d.o  
01:00:57 **** Incremental Build of configuration armv7le-debug for project r3d ****
make -j12 all 
make: Nothing to be done for 'all'.
01:01:11 **** Incremental Build of configuration armv7le-debug for project r3d ****
make -j12 all 
make: Nothing to be done for 'all'.
01:01:18 **** Incremental Build of configuration armv7le-debug for project r3d ****
make -j12 all 
qcc -Vgcc_ntoarmv7le -c -Wp,-MMD,build/armv7le-debug/src/rush3d.d,-MT,build/armv7le-debug/src/rush3d.o -o build/armv7le-debug/src/rush3d.o  -Wall -fmessage-length=0 -g -O0 -fno-builtin  src/rush3d.c
src/rush3d.c: In function 'main':
src/rush3d.c:20:5: warning: implicit declaration of function 'sleep' [-Wimplicit-function-declaration]
     sleep(1);
     ^
qcc -Vgcc_ntoarmv7le -o build/armv7le-debug/r3d   build/armv7le-debug/src/bridge.o build/armv7le-debug/src/rush3d.o  
01:01:46 **** Incremental Build of configuration armv7le-debug for project r3d ****
make -j12 all 
qcc -Vgcc_ntoarmv7le -c -Wp,-MMD,build/armv7le-debug/src/rush3d.d,-MT,build/armv7le-debug/src/rush3d.o -o build/armv7le-debug/src/rush3d.o  -Wall -fmessage-length=0 -g -O0 -fno-builtin  src/rush3d.c
src/rush3d.c: In function 'main':
src/rush3d.c:20:5: warning: implicit declaration of function 'sleep' [-Wimplicit-function-declaration]
     sleep(1);
     ^
qcc -Vgcc_ntoarmv7le -o build/armv7le-debug/r3d   build/armv7le-debug/src/bridge.o build/armv7le-debug/src/rush3d.o  
01:02:01 **** Incremental Build of configuration armv7le-debug for project r3d ****
make -j12 all 
make: Nothing to be done for 'all'.
01:02:07 **** Incremental Build of configuration armv7le-debug for project r3d ****
make -j12 all 
make: Nothing to be done for 'all'.
01:02:13 **** Incremental Build of configuration armv7le-debug for project r3d ****
make -j12 all 
make: Nothing to be done for 'all'.
01:02:18 **** Incremental Build of configuration armv7le-debug for project r3d ****
make -j12 all 
make: Nothing to be done for 'all'.
01:02:32 **** Incremental Build of configuration armv7le-debug for project r3d ****
make -j12 all 
qcc -Vgcc_ntoarmv7le -c -Wp,-MMD,build/armv7le-debug/src/rush3d.d,-MT,build/armv7le-debug/src/rush3d.o -o build/armv7le-debug/src/rush3d.o  -Wall -fmessage-length=0 -g -O0 -fno-builtin  src/rush3d.c
src/rush3d.c: In function 'main':
src/rush3d.c:20:5: warning: implicit declaration of function 'sleep' [-Wimplicit-function-declaration]
     sleep(1);
     ^
qcc -Vgcc_ntoarmv7le -o build/armv7le-debug/r3d   build/armv7le-debug/src/bridge.o build/armv7le-debug/src/rush3d.o  
01:02:43 **** Incremental Build of configuration armv7le-debug for project r3d ****
make -j12 all 
make: Nothing to be done for 'all'.
01:02:56 **** Incremental Build of configuration armv7le-debug for project r3d ****
make -j12 all 
qcc -Vgcc_ntoarmv7le -c -Wp,-MMD,build/armv7le-debug/src/rush3d.d,-MT,build/armv7le-debug/src/rush3d.o -o build/armv7le-debug/src/rush3d.o  -Wall -fmessage-length=0 -g -O0 -fno-builtin  src/rush3d.c
src/rush3d.c: In function 'main':
src/rush3d.c:20:5: warning: implicit declaration of function 'sleep' [-Wimplicit-function-declaration]
     sleep(1);
     ^
qcc -Vgcc_ntoarmv7le -o build/armv7le-debug/r3d   build/armv7le-debug/src/bridge.o build/armv7le-debug/src/rush3d.o  
01:03:24 **** Incremental Build of configuration armv7le-debug for project r3d ****
make -j12 all 
qcc -Vgcc_ntoarmv7le -c -Wp,-MMD,build/armv7le-debug/src/bridge.d,-MT,build/armv7le-debug/src/bridge.o -o build/armv7le-debug/src/bridge.o  -Wall -fmessage-length=0 -g -O0 -fno-builtin  src/bridge.c
qcc -Vgcc_ntoarmv7le -c -Wp,-MMD,build/armv7le-debug/src/rush3d.d,-MT,build/armv7le-debug/src/rush3d.o -o build/armv7le-debug/src/rush3d.o  -Wall -fmessage-length=0 -g -O0 -fno-builtin  src/rush3d.c
src/rush3d.c: In function 'main':
src/rush3d.c:20:5: warning: implicit declaration of function 'sleep' [-Wimplicit-function-declaration]
     sleep(1);
     ^
qcc -Vgcc_ntoarmv7le -o build/armv7le-debug/r3d   build/armv7le-debug/src/bridge.o build/armv7le-debug/src/rush3d.o  
01:03:33 **** Incremental Build of configuration armv7le-debug for project r3d ****
make -j12 all 
qcc -Vgcc_ntoarmv7le -c -Wp,-MMD,build/armv7le-debug/src/rush3d.d,-MT,build/armv7le-debug/src/rush3d.o -o build/armv7le-debug/src/rush3d.o  -Wall -fmessage-length=0 -g -O0 -fno-builtin  src/rush3d.c
qcc -Vgcc_ntoarmv7le -o build/armv7le-debug/r3d   build/armv7le-debug/src/bridge.o build/armv7le-debug/src/rush3d.o  
01:03:39 **** Incremental Build of configuration armv7le-debug for project r3d ****
make -j12 all 
make: Nothing to be done for 'all'.
01:03:55 **** Incremental Build of configuration armv7le-debug for project r3d ****
make -j12 all 
make: Nothing to be done for 'all'.
01:03:58 **** Incremental Build of configuration armv7le-debug for project r3d ****
make -j12 all 
make: Nothing to be done for 'all'.
01:04:01 **** Incremental Build of configuration armv7le-debug for project r3d ****
make -j12 all 
make: Nothing to be done for 'all'.
01:04:03 **** Incremental Build of configuration armv7le-debug for project r3d ****
make -j12 all 
make: Nothing to be done for 'all'.
01:04:05 **** Incremental Build of configuration armv7le-debug for project r3d ****
make -j12 all 
make: Nothing to be done for 'all'.
01:04:11 **** Incremental Build of configuration armv7le-debug for project r3d ****
make -j12 all 
make: Nothing to be done for 'all'.
01:04:21 **** Incremental Build of configuration armv7le-debug for project r3d ****
make -j12 all 
make: Nothing to be done for 'all'.
01:05:23 **** Incremental Build of configuration armv7le-debug for project r3d ****
make -j12 all 
qcc -Vgcc_ntoarmv7le -c -Wp,-MMD,build/armv7le-debug/src/rush3d.d,-MT,build/armv7le-debug/src/rush3d.o -o build/armv7le-debug/src/rush3d.o  -Wall -fmessage-length=0 -g -O0 -fno-builtin  src/rush3d.c
qcc -Vgcc_ntoarmv7le -o build/armv7le-debug/r3d   build/armv7le-debug/src/bridge.o build/armv7le-debug/src/rush3d.o  
01:05:27 **** Incremental Build of configuration armv7le-debug for project r3d ****
make -j12 all 
make: Nothing to be done for 'all'.
01:05:43 **** Incremental Build of configuration armv7le-debug for project r3d ****
make -j12 all 
make: Nothing to be done for 'all'.
